#
# There is insufficient memory for the Java Runtime Environment to continue.
# Native memory allocation (malloc) failed to allocate 515872 bytes. Error detail: Chunk::new
# Possible reasons:
#   The system is out of physical RAM or swap space
#   This process is running with CompressedOops enabled, and the Java Heap may be blocking the growth of the native heap
# Possible solutions:
#   Reduce memory load on the system
#   Increase physical memory or swap space
#   Check if swap backing store is full
#   Decrease Java heap size (-Xmx/-Xms)
#   Decrease number of Java threads
#   Decrease Java thread stack sizes (-Xss)
#   Set larger code cache with -XX:ReservedCodeCacheSize=
#   JVM is running with Unscaled Compressed Oops mode in which the Java heap is
#     placed in the first 4GB address space. The Java Heap base address is the
#     maximum limit for the native heap growth. Please use -XX:HeapBaseMinAddress
#     to set the Java Heap base and to place the Java Heap above 4GB virtual address.
# This output file may be truncated or incomplete.
#
#  Out of Memory Error (arena.cpp:191), pid=24244, tid=9384
#
# JRE version: OpenJDK Runtime Environment Temurin-17.0.11+9 (17.0.11+9) (build 17.0.11+9)
# Java VM: OpenJDK 64-Bit Server VM Temurin-17.0.11+9 (17.0.11+9, mixed mode, tiered, compressed oops, compressed class ptrs, parallel gc, windows-amd64)
# No core dump will be written. Minidumps are not enabled by default on client versions of Windows
#

---------------  S U M M A R Y ------------

Command Line: --add-modules=ALL-SYSTEM --add-opens=java.base/java.util=ALL-UNNAMED --add-opens=java.base/java.lang=ALL-UNNAMED --add-opens=java.base/sun.nio.fs=ALL-UNNAMED -Declipse.application=org.eclipse.jdt.ls.core.id1 -Dosgi.bundles.defaultStartLevel=4 -Declipse.product=org.eclipse.jdt.ls.core.product -Djava.import.generatesMetadataFilesAtProjectRoot=false -DDetectVMInstallationsJob.disabled=true -Dfile.encoding=utf8 -XX:+UseParallelGC -XX:GCTimeRatio=4 -XX:AdaptiveSizePolicyWeight=90 -Dsun.zip.disableMemoryMapping=true -Xmx1G -Xms100m -Xlog:disable -javaagent:c:\Users\AMIN\.vscode\extensions\redhat.java-1.32.0-win32-x64\lombok\lombok-1.18.33.jar c:\Users\AMIN\.vscode\extensions\redhat.java-1.32.0-win32-x64\server\plugins\org.eclipse.equinox.launcher_1.6.900.v20240613-2009.jar -configuration c:\Users\AMIN\AppData\Roaming\Code\User\globalStorage\redhat.java\1.32.0\config_ss_win -data c:\Users\AMIN\AppData\Roaming\Code\User\workspaceStorage\d7148e108e04c85ffe1d89402e4bcac7\redhat.java\ss_ws --pipe=\\.\pipe\lsp-70ce7f09e06c7e8be8c13cd64b9411fb-sock

Host: Intel(R) Core(TM) i7-8700 CPU @ 3.20GHz, 12 cores, 15G,  Windows 10 , 64 bit Build 19041 (10.0.19041.4597)
Time: Sun Jul 14 22:54:12 2024 SE Asia Standard Time elapsed time: 0.839180 seconds (0d 0h 0m 0s)

---------------  T H R E A D  ---------------

Current thread (0x0000029b222e9520):  JavaThread "C2 CompilerThread2" daemon [_thread_in_native, id=9384, stack(0x000000df49c00000,0x000000df49d00000)]


Current CompileTask:
C2:    839  807   !   4       java.util.jar.Attributes::read (498 bytes)

Stack: [0x000000df49c00000,0x000000df49d00000]
Native frames: (J=compiled Java code, j=interpreted, Vv=VM code, C=native code)
V  [jvm.dll+0x67d429]
V  [jvm.dll+0x834b7a]
V  [jvm.dll+0x83663e]
V  [jvm.dll+0x836ca3]
V  [jvm.dll+0x247dbf]
V  [jvm.dll+0xac534]
V  [jvm.dll+0xacb7c]
V  [jvm.dll+0x366647]
V  [jvm.dll+0x1bd086]
V  [jvm.dll+0x21a5c9]
V  [jvm.dll+0x2198b1]
V  [jvm.dll+0x1a534d]
V  [jvm.dll+0x2295cd]
V  [jvm.dll+0x22779c]
V  [jvm.dll+0x7e9d07]
V  [jvm.dll+0x7e410a]
V  [jvm.dll+0x67c315]
C  [ucrtbase.dll+0x21bb2]
C  [KERNEL32.DLL+0x17374]
C  [ntdll.dll+0x4cc91]


---------------  P R O C E S S  ---------------

Threads class SMR info:
_java_thread_list=0x0000029b20d84110, length=14, elements={
0x0000029b07a43cf0, 0x0000029b1b8dabd0, 0x0000029b1b8dc280, 0x0000029b20c69550,
0x0000029b20c6c0f0, 0x0000029b20c6d420, 0x0000029b20c73af0, 0x0000029b20c75630,
0x0000029b20c7bf60, 0x0000029b20c7c870, 0x0000029b07aa3790, 0x0000029b20df98d0,
0x0000029b20fc7660, 0x0000029b222e9520
}

Java Threads: ( => current thread )
  0x0000029b07a43cf0 JavaThread "main" [_thread_in_Java, id=24352, stack(0x000000df48c00000,0x000000df48d00000)]
  0x0000029b1b8dabd0 JavaThread "Reference Handler" daemon [_thread_blocked, id=5956, stack(0x000000df48f00000,0x000000df49000000)]
  0x0000029b1b8dc280 JavaThread "Finalizer" daemon [_thread_blocked, id=23264, stack(0x000000df49000000,0x000000df49100000)]
  0x0000029b20c69550 JavaThread "Signal Dispatcher" daemon [_thread_blocked, id=5020, stack(0x000000df49100000,0x000000df49200000)]
  0x0000029b20c6c0f0 JavaThread "Attach Listener" daemon [_thread_blocked, id=1148, stack(0x000000df49200000,0x000000df49300000)]
  0x0000029b20c6d420 JavaThread "Service Thread" daemon [_thread_blocked, id=7248, stack(0x000000df49300000,0x000000df49400000)]
  0x0000029b20c73af0 JavaThread "Monitor Deflation Thread" daemon [_thread_blocked, id=4192, stack(0x000000df49400000,0x000000df49500000)]
  0x0000029b20c75630 JavaThread "C2 CompilerThread0" daemon [_thread_blocked, id=15384, stack(0x000000df49500000,0x000000df49600000)]
  0x0000029b20c7bf60 JavaThread "C1 CompilerThread0" daemon [_thread_in_native, id=732, stack(0x000000df49600000,0x000000df49700000)]
  0x0000029b20c7c870 JavaThread "Sweeper thread" daemon [_thread_blocked, id=24132, stack(0x000000df49700000,0x000000df49800000)]
  0x0000029b07aa3790 JavaThread "Common-Cleaner" daemon [_thread_blocked, id=2224, stack(0x000000df49800000,0x000000df49900000)]
  0x0000029b20df98d0 JavaThread "C2 CompilerThread1" daemon [_thread_blocked, id=14996, stack(0x000000df49900000,0x000000df49a00000)]
  0x0000029b20fc7660 JavaThread "Notification Thread" daemon [_thread_blocked, id=1516, stack(0x000000df49a00000,0x000000df49b00000)]
=>0x0000029b222e9520 JavaThread "C2 CompilerThread2" daemon [_thread_in_native, id=9384, stack(0x000000df49c00000,0x000000df49d00000)]

Other Threads:
  0x0000029b07acb780 VMThread "VM Thread" [stack: 0x000000df48e00000,0x000000df48f00000] [id=3688]
  0x0000029b20f136b0 WatcherThread [stack: 0x000000df49b00000,0x000000df49c00000] [id=1464]
  0x0000029b07a577d0 GCTaskThread "GC Thread#0" [stack: 0x000000df48d00000,0x000000df48e00000] [id=11312]

Threads with active compile tasks:
C2 CompilerThread2      872  807   !   4       java.util.jar.Attributes::read (498 bytes)

VM state: not at safepoint (normal execution)

VM Mutex/Monitor currently owned by a thread: None

Heap address: 0x00000000c0000000, size: 1024 MB, Compressed Oops mode: 32-bit

CDS archive(s) not mapped
Compressed class space mapped at: 0x0000000100000000-0x0000000140000000, reserved size: 1073741824
Narrow klass base: 0x0000000000000000, Narrow klass shift: 3, Narrow klass range: 0x140000000

GC Precious Log:
 CPUs: 12 total, 12 available
 Memory: 16255M
 Large Page Support: Disabled
 NUMA Support: Disabled
 Compressed Oops: Enabled (32-bit)
 Alignments: Space 512K, Generation 512K, Heap 2M
 Heap Min Capacity: 100M
 Heap Initial Capacity: 100M
 Heap Max Capacity: 1G
 Pre-touch: Disabled
 Parallel Workers: 10

Heap:
 PSYoungGen      total 29696K, used 25388K [0x00000000eab00000, 0x00000000ecc00000, 0x0000000100000000)
  eden space 25600K, 99% used [0x00000000eab00000,0x00000000ec3cb238,0x00000000ec400000)
  from space 4096K, 0% used [0x00000000ec800000,0x00000000ec800000,0x00000000ecc00000)
  to   space 4096K, 0% used [0x00000000ec400000,0x00000000ec400000,0x00000000ec800000)
 ParOldGen       total 68608K, used 0K [0x00000000c0000000, 0x00000000c4300000, 0x00000000eab00000)
  object space 68608K, 0% used [0x00000000c0000000,0x00000000c0000000,0x00000000c4300000)
 Metaspace       used 10929K, committed 11072K, reserved 1114112K
  class space    used 1092K, committed 1152K, reserved 1048576K

Card table byte_map: [0x0000029b073e0000,0x0000029b075f0000] _byte_map_base: 0x0000029b06de0000

Marking Bits: (ParMarkBitMap*) 0x00007ff81befd820
 Begin Bits: [0x0000029b196e0000, 0x0000029b1a6e0000)
 End Bits:   [0x0000029b1a6e0000, 0x0000029b1b6e0000)

Polling page: 0x0000029b059b0000

Metaspace:

Usage:
  Non-class:      9.61 MB used.
      Class:      1.07 MB used.
       Both:     10.68 MB used.

Virtual space:
  Non-class space:       64.00 MB reserved,       9.69 MB ( 15%) committed,  1 nodes.
      Class space:        1.00 GB reserved,       1.12 MB ( <1%) committed,  1 nodes.
             Both:        1.06 GB reserved,      10.81 MB ( <1%) committed. 

Chunk freelists:
   Non-Class:  6.22 MB
       Class:  14.69 MB
        Both:  20.91 MB

MaxMetaspaceSize: unlimited
CompressedClassSpaceSize: 1.00 GB
Initial GC threshold: 21.00 MB
Current GC threshold: 21.00 MB
CDS: off
MetaspaceReclaimPolicy: balanced
 - commit_granule_bytes: 65536.
 - commit_granule_words: 8192.
 - virtual_space_node_default_size: 8388608.
 - enlarge_chunks_in_place: 1.
 - new_chunks_are_fully_committed: 0.
 - uncommit_free_chunks: 1.
 - use_allocation_guard: 0.
 - handle_deallocations: 1.


Internal statistics:

num_allocs_failed_limit: 0.
num_arena_births: 14.
num_arena_deaths: 0.
num_vsnodes_births: 2.
num_vsnodes_deaths: 0.
num_space_committed: 173.
num_space_uncommitted: 0.
num_chunks_returned_to_freelist: 0.
num_chunks_taken_from_freelist: 85.
num_chunk_merges: 0.
num_chunk_splits: 55.
num_chunks_enlarged: 49.
num_inconsistent_stats: 0.

CodeHeap 'non-profiled nmethods': size=120000Kb used=393Kb max_used=393Kb free=119606Kb
 bounds [0x0000029b121b0000, 0x0000029b12420000, 0x0000029b196e0000]
CodeHeap 'profiled nmethods': size=120000Kb used=1575Kb max_used=1575Kb free=118424Kb
 bounds [0x0000029b0a6e0000, 0x0000029b0a950000, 0x0000029b11c10000]
CodeHeap 'non-nmethods': size=5760Kb used=1143Kb max_used=1172Kb free=4616Kb
 bounds [0x0000029b11c10000, 0x0000029b11e80000, 0x0000029b121b0000]
 total_blobs=1376 nmethods=941 adapters=350
 compilation: enabled
              stopped_count=0, restarted_count=0
 full_count=0

Compilation events (20 events):
Event: 0.824 Thread 0x0000029b20df98d0 nmethod 850 0x0000029b1220bd90 code [0x0000029b1220bfc0, 0x0000029b1220cac0]
Event: 0.824 Thread 0x0000029b20df98d0  854       4       java.lang.String::<init> (15 bytes)
Event: 0.825 Thread 0x0000029b20c7bf60 nmethod 859 0x0000029b0a839990 code [0x0000029b0a839d60, 0x0000029b0a83c838]
Event: 0.825 Thread 0x0000029b20df98d0 nmethod 854 0x0000029b1220d290 code [0x0000029b1220d400, 0x0000029b1220d498]
Event: 0.826 Thread 0x0000029b20c7bf60  860       1       java.util.zip.ZipEntry::getSize (5 bytes)
Event: 0.826 Thread 0x0000029b20c7bf60 nmethod 860 0x0000029b1220d590 code [0x0000029b1220d720, 0x0000029b1220d7f8]
Event: 0.827 Thread 0x0000029b20c75630 nmethod 844 0x0000029b1220d890 code [0x0000029b1220da20, 0x0000029b1220dc58]
Event: 0.827 Thread 0x0000029b20c7bf60  861       3       java.lang.StringConcatHelper::stringOf (20 bytes)
Event: 0.827 Thread 0x0000029b20c7bf60 nmethod 861 0x0000029b0a83d510 code [0x0000029b0a83d6c0, 0x0000029b0a83d8e8]
Event: 0.827 Thread 0x0000029b20c7bf60  862       3       java.lang.StringConcatHelper::mix (27 bytes)
Event: 0.827 Thread 0x0000029b20c7bf60 nmethod 862 0x0000029b0a83d990 code [0x0000029b0a83db60, 0x0000029b0a83df68]
Event: 0.827 Thread 0x0000029b20c7bf60  863       3       java.lang.StringConcatHelper::checkOverflow (17 bytes)
Event: 0.828 Thread 0x0000029b20c7bf60 nmethod 863 0x0000029b0a83e110 code [0x0000029b0a83e2c0, 0x0000029b0a83e4a8]
Event: 0.828 Thread 0x0000029b20c7bf60  864       3       java.lang.StringConcatHelper::prepend (37 bytes)
Event: 0.828 Thread 0x0000029b20c7bf60 nmethod 864 0x0000029b0a83e590 code [0x0000029b0a83e760, 0x0000029b0a83ea38]
Event: 0.828 Thread 0x0000029b20c7bf60  865       1       java.nio.HeapByteBuffer::isDirect (2 bytes)
Event: 0.828 Thread 0x0000029b20c7bf60 nmethod 865 0x0000029b1220de10 code [0x0000029b1220dfa0, 0x0000029b1220e078]
Event: 0.829 Thread 0x0000029b20c7bf60  866   !   3       java.util.zip.ZipFile$ZipFileInputStream::close (59 bytes)
Event: 0.829 Thread 0x0000029b20c7bf60 nmethod 866 0x0000029b0a83eb90 code [0x0000029b0a83ed40, 0x0000029b0a83f0a8]
Event: 0.829 Thread 0x0000029b20c7bf60  868       3       java.util.WeakHashMap::remove (131 bytes)

GC Heap History (0 events):
No events

Dll operation events (8 events):
Event: 0.046 Loaded shared library c:\Users\AMIN\.vscode\extensions\redhat.java-1.32.0-win32-x64\jre\17.0.11-win32-x86_64\bin\java.dll
Event: 0.298 Loaded shared library c:\Users\AMIN\.vscode\extensions\redhat.java-1.32.0-win32-x64\jre\17.0.11-win32-x86_64\bin\zip.dll
Event: 0.302 Loaded shared library C:\Users\AMIN\.vscode\extensions\redhat.java-1.32.0-win32-x64\jre\17.0.11-win32-x86_64\bin\instrument.dll
Event: 0.318 Loaded shared library C:\Users\AMIN\.vscode\extensions\redhat.java-1.32.0-win32-x64\jre\17.0.11-win32-x86_64\bin\net.dll
Event: 0.322 Loaded shared library C:\Users\AMIN\.vscode\extensions\redhat.java-1.32.0-win32-x64\jre\17.0.11-win32-x86_64\bin\nio.dll
Event: 0.329 Loaded shared library C:\Users\AMIN\.vscode\extensions\redhat.java-1.32.0-win32-x64\jre\17.0.11-win32-x86_64\bin\zip.dll
Event: 0.344 Loaded shared library C:\Users\AMIN\.vscode\extensions\redhat.java-1.32.0-win32-x64\jre\17.0.11-win32-x86_64\bin\jimage.dll
Event: 0.401 Loaded shared library c:\Users\AMIN\.vscode\extensions\redhat.java-1.32.0-win32-x64\jre\17.0.11-win32-x86_64\bin\verify.dll

Deoptimization events (20 events):
Event: 0.802 Thread 0x0000029b07a43cf0 Uncommon trap: trap_request=0xffffffde fr.pc=0x0000029b121f9fc8 relative=0x0000000000000a08
Event: 0.802 Thread 0x0000029b07a43cf0 Uncommon trap: reason=class_check action=maybe_recompile pc=0x0000029b121f9fc8 method=java.util.HashMap.putVal(ILjava/lang/Object;Ljava/lang/Object;ZZ)Ljava/lang/Object; @ 203 c2
Event: 0.802 Thread 0x0000029b07a43cf0 DEOPT PACKING pc=0x0000029b121f9fc8 sp=0x000000df48cfdfe0
Event: 0.802 Thread 0x0000029b07a43cf0 DEOPT UNPACKING pc=0x0000029b11c666a3 sp=0x000000df48cfdef8 mode 2
Event: 0.802 Thread 0x0000029b07a43cf0 Uncommon trap: trap_request=0xffffffde fr.pc=0x0000029b121f9fc8 relative=0x0000000000000a08
Event: 0.802 Thread 0x0000029b07a43cf0 Uncommon trap: reason=class_check action=maybe_recompile pc=0x0000029b121f9fc8 method=java.util.HashMap.putVal(ILjava/lang/Object;Ljava/lang/Object;ZZ)Ljava/lang/Object; @ 203 c2
Event: 0.802 Thread 0x0000029b07a43cf0 DEOPT PACKING pc=0x0000029b121f9fc8 sp=0x000000df48cfdfe0
Event: 0.802 Thread 0x0000029b07a43cf0 DEOPT UNPACKING pc=0x0000029b11c666a3 sp=0x000000df48cfdef8 mode 2
Event: 0.824 Thread 0x0000029b07a43cf0 Uncommon trap: trap_request=0xffffffde fr.pc=0x0000029b121ea9bc relative=0x000000000000055c
Event: 0.824 Thread 0x0000029b07a43cf0 Uncommon trap: reason=class_check action=maybe_recompile pc=0x0000029b121ea9bc method=java.util.Collections$UnmodifiableCollection$1.<init>(Ljava/util/Collections$UnmodifiableCollection;)V @ 17 c2
Event: 0.824 Thread 0x0000029b07a43cf0 DEOPT PACKING pc=0x0000029b121ea9bc sp=0x000000df48cfe840
Event: 0.824 Thread 0x0000029b07a43cf0 DEOPT UNPACKING pc=0x0000029b11c666a3 sp=0x000000df48cfe788 mode 2
Event: 0.824 Thread 0x0000029b07a43cf0 Uncommon trap: trap_request=0xffffffde fr.pc=0x0000029b121dc1ac relative=0x000000000000020c
Event: 0.824 Thread 0x0000029b07a43cf0 Uncommon trap: reason=class_check action=maybe_recompile pc=0x0000029b121dc1ac method=java.util.Collections$UnmodifiableCollection$1.next()Ljava/lang/Object; @ 4 c2
Event: 0.824 Thread 0x0000029b07a43cf0 DEOPT PACKING pc=0x0000029b121dc1ac sp=0x000000df48cfe850
Event: 0.824 Thread 0x0000029b07a43cf0 DEOPT UNPACKING pc=0x0000029b11c666a3 sp=0x000000df48cfe800 mode 2
Event: 0.824 Thread 0x0000029b07a43cf0 Uncommon trap: trap_request=0xffffffde fr.pc=0x0000029b121dc1ac relative=0x000000000000020c
Event: 0.824 Thread 0x0000029b07a43cf0 Uncommon trap: reason=class_check action=maybe_recompile pc=0x0000029b121dc1ac method=java.util.Collections$UnmodifiableCollection$1.next()Ljava/lang/Object; @ 4 c2
Event: 0.824 Thread 0x0000029b07a43cf0 DEOPT PACKING pc=0x0000029b121dc1ac sp=0x000000df48cfe850
Event: 0.824 Thread 0x0000029b07a43cf0 DEOPT UNPACKING pc=0x0000029b11c666a3 sp=0x000000df48cfe800 mode 2

Classes unloaded (0 events):
No events

Classes redefined (0 events):
No events

Internal exceptions (17 events):
Event: 0.273 Thread 0x0000029b07a43cf0 Exception <a 'java/lang/NoSuchMethodError'{0x00000000eacb53e0}: 'void java.lang.invoke.DirectMethodHandle$Holder.invokeStatic(java.lang.Object, java.lang.Object, java.lang.Object)'> (0x00000000eacb53e0) 
thrown [s\src\hotspot\share\interpreter\linkResolver.cpp, line 759]
Event: 0.420 Thread 0x0000029b07a43cf0 Exception <a 'java/lang/reflect/InvocationTargetException'{0x00000000eafe5fa0}> (0x00000000eafe5fa0) 
thrown [s\src\hotspot\share\runtime\reflection.cpp, line 1121]
Event: 0.640 Thread 0x0000029b07a43cf0 Exception <a 'java/lang/ClassNotFoundException'{0x00000000eb873700}: sun/net/www/protocol/c/Handler> (0x00000000eb873700) 
thrown [s\src\hotspot\share\classfile\systemDictionary.cpp, line 256]
Event: 0.644 Thread 0x0000029b07a43cf0 Exception <a 'java/io/FileNotFoundException'{0x00000000eb88b2a8}> (0x00000000eb88b2a8) 
thrown [s\src\hotspot\share\prims\jni.cpp, line 516]
Event: 0.644 Thread 0x0000029b07a43cf0 Exception <a 'java/io/FileNotFoundException'{0x00000000eb88bfb8}> (0x00000000eb88bfb8) 
thrown [s\src\hotspot\share\prims\jni.cpp, line 516]
Event: 0.645 Thread 0x0000029b07a43cf0 Exception <a 'java/io/FileNotFoundException'{0x00000000eb88cca8}> (0x00000000eb88cca8) 
thrown [s\src\hotspot\share\prims\jni.cpp, line 516]
Event: 0.646 Thread 0x0000029b07a43cf0 Exception <a 'java/io/FileNotFoundException'{0x00000000eb88d968}> (0x00000000eb88d968) 
thrown [s\src\hotspot\share\prims\jni.cpp, line 516]
Event: 0.656 Thread 0x0000029b07a43cf0 Implicit null exception at 0x0000029b121d51f2 to 0x0000029b121d5740
Event: 0.658 Thread 0x0000029b07a43cf0 Exception <a 'java/io/FileNotFoundException'{0x00000000eb8c8240}> (0x00000000eb8c8240) 
thrown [s\src\hotspot\share\prims\jni.cpp, line 516]
Event: 0.681 Thread 0x0000029b07a43cf0 Exception <a 'sun/nio/fs/WindowsException'{0x00000000eb8ff908}> (0x00000000eb8ff908) 
thrown [s\src\hotspot\share\prims\jni.cpp, line 516]
Event: 0.682 Thread 0x0000029b07a43cf0 Exception <a 'sun/nio/fs/WindowsException'{0x00000000eb909d58}> (0x00000000eb909d58) 
thrown [s\src\hotspot\share\prims\jni.cpp, line 516]
Event: 0.682 Thread 0x0000029b07a43cf0 Exception <a 'sun/nio/fs/WindowsException'{0x00000000eb90d240}> (0x00000000eb90d240) 
thrown [s\src\hotspot\share\prims\jni.cpp, line 516]
Event: 0.682 Thread 0x0000029b07a43cf0 Exception <a 'sun/nio/fs/WindowsException'{0x00000000eb90d9b8}> (0x00000000eb90d9b8) 
thrown [s\src\hotspot\share\prims\jni.cpp, line 516]
Event: 0.817 Thread 0x0000029b07a43cf0 Exception <a 'java/lang/ClassNotFoundException'{0x00000000ec1309c0}: sun/net/www/protocol/c/Handler> (0x00000000ec1309c0) 
thrown [s\src\hotspot\share\classfile\systemDictionary.cpp, line 256]
Event: 0.817 Thread 0x0000029b07a43cf0 Exception <a 'java/lang/ClassNotFoundException'{0x00000000ec131f78}: sun/net/www/protocol/d/Handler> (0x00000000ec131f78) 
thrown [s\src\hotspot\share\classfile\systemDictionary.cpp, line 256]
Event: 0.817 Thread 0x0000029b07a43cf0 Exception <a 'java/lang/ClassNotFoundException'{0x00000000ec1330f0}: sun/net/www/protocol/c/Handler> (0x00000000ec1330f0) 
thrown [s\src\hotspot\share\classfile\systemDictionary.cpp, line 256]
Event: 0.824 Thread 0x0000029b07a43cf0 Exception <a 'java/io/FileNotFoundException'{0x00000000ec1564d8}> (0x00000000ec1564d8) 
thrown [s\src\hotspot\share\prims\jni.cpp, line 516]

VM Operations (10 events):
Event: 0.278 Executing VM operation: HandshakeAllThreads
Event: 0.278 Executing VM operation: HandshakeAllThreads done
Event: 0.357 Executing VM operation: HandshakeAllThreads
Event: 0.357 Executing VM operation: HandshakeAllThreads done
Event: 0.615 Executing VM operation: HandshakeAllThreads
Event: 0.615 Executing VM operation: HandshakeAllThreads done
Event: 0.634 Executing VM operation: HandshakeAllThreads
Event: 0.634 Executing VM operation: HandshakeAllThreads done
Event: 0.824 Executing VM operation: ICBufferFull
Event: 0.824 Executing VM operation: ICBufferFull done

Events (20 events):
Event: 0.801 loading class sun/nio/cs/StreamDecoder
Event: 0.801 loading class sun/nio/cs/StreamDecoder done
Event: 0.801 loading class sun/nio/cs/UTF_8$Decoder
Event: 0.801 loading class sun/nio/cs/UTF_8$Decoder done
Event: 0.801 loading class java/nio/charset/CoderResult
Event: 0.801 loading class java/nio/charset/CoderResult done
Event: 0.810 loading class java/util/Random
Event: 0.810 loading class java/util/random/RandomGenerator
Event: 0.810 loading class java/util/random/RandomGenerator done
Event: 0.811 loading class java/util/Random done
Event: 0.811 loading class java/util/UUID
Event: 0.811 loading class java/util/UUID done
Event: 0.811 loading class java/util/concurrent/atomic/AtomicBoolean
Event: 0.811 loading class java/util/concurrent/atomic/AtomicBoolean done
Event: 0.811 loading class java/lang/invoke/VarHandleInts$FieldInstanceReadWrite
Event: 0.812 loading class java/lang/invoke/VarHandleInts$FieldInstanceReadOnly
Event: 0.812 loading class java/lang/invoke/VarHandleInts$FieldInstanceReadOnly done
Event: 0.812 loading class java/lang/invoke/VarHandleInts$FieldInstanceReadWrite done
Event: 0.820 loading class java/nio/file/FileVisitor
Event: 0.820 loading class java/nio/file/FileVisitor done


Dynamic libraries:
0x00007ff6001d0000 - 0x00007ff6001de000 	c:\Users\AMIN\.vscode\extensions\redhat.java-1.32.0-win32-x64\jre\17.0.11-win32-x86_64\bin\java.exe
0x00007ff882a70000 - 0x00007ff882c68000 	C:\WINDOWS\SYSTEM32\ntdll.dll
0x00007ff880c40000 - 0x00007ff880d01000 	C:\WINDOWS\System32\KERNEL32.DLL
0x00007ff8801d0000 - 0x00007ff8804c6000 	C:\WINDOWS\System32\KERNELBASE.dll
0x00007ff8809a0000 - 0x00007ff880aa0000 	C:\WINDOWS\System32\ucrtbase.dll
0x00007ff876dd0000 - 0x00007ff876deb000 	c:\Users\AMIN\.vscode\extensions\redhat.java-1.32.0-win32-x64\jre\17.0.11-win32-x86_64\bin\VCRUNTIME140.dll
0x00007ff8640d0000 - 0x00007ff8640e7000 	c:\Users\AMIN\.vscode\extensions\redhat.java-1.32.0-win32-x64\jre\17.0.11-win32-x86_64\bin\jli.dll
0x00007ff882430000 - 0x00007ff8825cf000 	C:\WINDOWS\System32\USER32.dll
0x00007ff880850000 - 0x00007ff880872000 	C:\WINDOWS\System32\win32u.dll
0x00007ff866360000 - 0x00007ff8665fa000 	C:\WINDOWS\WinSxS\amd64_microsoft.windows.common-controls_6595b64144ccf1df_6.0.19041.4355_none_60b8b9eb71f62e16\COMCTL32.dll
0x00007ff881c90000 - 0x00007ff881cbb000 	C:\WINDOWS\System32\GDI32.dll
0x00007ff880d20000 - 0x00007ff880dbe000 	C:\WINDOWS\System32\msvcrt.dll
0x00007ff880880000 - 0x00007ff880997000 	C:\WINDOWS\System32\gdi32full.dll
0x00007ff880540000 - 0x00007ff8805dd000 	C:\WINDOWS\System32\msvcp_win.dll
0x00007ff8818e0000 - 0x00007ff88190f000 	C:\WINDOWS\System32\IMM32.DLL
0x00007ff877ab0000 - 0x00007ff877abc000 	c:\Users\AMIN\.vscode\extensions\redhat.java-1.32.0-win32-x64\jre\17.0.11-win32-x86_64\bin\vcruntime140_1.dll
0x00007ff840710000 - 0x00007ff84079d000 	c:\Users\AMIN\.vscode\extensions\redhat.java-1.32.0-win32-x64\jre\17.0.11-win32-x86_64\bin\msvcp140.dll
0x00007ff81b360000 - 0x00007ff81bfc2000 	c:\Users\AMIN\.vscode\extensions\redhat.java-1.32.0-win32-x64\jre\17.0.11-win32-x86_64\bin\server\jvm.dll
0x00007ff881be0000 - 0x00007ff881c90000 	C:\WINDOWS\System32\ADVAPI32.dll
0x00007ff881390000 - 0x00007ff881430000 	C:\WINDOWS\System32\sechost.dll
0x00007ff881910000 - 0x00007ff881a33000 	C:\WINDOWS\System32\RPCRT4.dll
0x00007ff8806c0000 - 0x00007ff8806e7000 	C:\WINDOWS\System32\bcrypt.dll
0x00007ff87fab0000 - 0x00007ff87fafb000 	C:\WINDOWS\SYSTEM32\POWRPROF.dll
0x00007ff875c00000 - 0x00007ff875c0a000 	C:\WINDOWS\SYSTEM32\VERSION.dll
0x00007ff86c4c0000 - 0x00007ff86c4e7000 	C:\WINDOWS\SYSTEM32\WINMM.dll
0x00007ff871610000 - 0x00007ff871619000 	C:\WINDOWS\SYSTEM32\WSOCK32.dll
0x00007ff882780000 - 0x00007ff8827eb000 	C:\WINDOWS\System32\WS2_32.dll
0x00007ff87fa90000 - 0x00007ff87faa2000 	C:\WINDOWS\SYSTEM32\UMPDC.dll
0x00007ff87df60000 - 0x00007ff87df72000 	C:\WINDOWS\SYSTEM32\kernel.appcore.dll
0x00007ff8777e0000 - 0x00007ff8777ea000 	c:\Users\AMIN\.vscode\extensions\redhat.java-1.32.0-win32-x64\jre\17.0.11-win32-x86_64\bin\jimage.dll
0x00007ff86c130000 - 0x00007ff86c314000 	C:\WINDOWS\SYSTEM32\DBGHELP.DLL
0x00007ff86cf20000 - 0x00007ff86cf54000 	C:\WINDOWS\SYSTEM32\dbgcore.DLL
0x00007ff8805e0000 - 0x00007ff880662000 	C:\WINDOWS\System32\bcryptPrimitives.dll
0x00007ff8775c0000 - 0x00007ff8775ce000 	c:\Users\AMIN\.vscode\extensions\redhat.java-1.32.0-win32-x64\jre\17.0.11-win32-x86_64\bin\instrument.dll
0x00007ff8471d0000 - 0x00007ff8471f5000 	c:\Users\AMIN\.vscode\extensions\redhat.java-1.32.0-win32-x64\jre\17.0.11-win32-x86_64\bin\java.dll
0x00007ff85ae60000 - 0x00007ff85ae78000 	c:\Users\AMIN\.vscode\extensions\redhat.java-1.32.0-win32-x64\jre\17.0.11-win32-x86_64\bin\zip.dll
0x00007ff881cc0000 - 0x00007ff88242c000 	C:\WINDOWS\System32\SHELL32.dll
0x00007ff87e160000 - 0x00007ff87e8fe000 	C:\WINDOWS\SYSTEM32\windows.storage.dll
0x00007ff880ef0000 - 0x00007ff881243000 	C:\WINDOWS\System32\combase.dll
0x00007ff87f9f0000 - 0x00007ff87fa1e000 	C:\WINDOWS\SYSTEM32\Wldp.dll
0x00007ff880e20000 - 0x00007ff880eed000 	C:\WINDOWS\System32\OLEAUT32.dll
0x00007ff881a40000 - 0x00007ff881aed000 	C:\WINDOWS\System32\SHCORE.dll
0x00007ff881b80000 - 0x00007ff881bd5000 	C:\WINDOWS\System32\shlwapi.dll
0x00007ff880050000 - 0x00007ff880074000 	C:\WINDOWS\SYSTEM32\profapi.dll
0x00007ff857d10000 - 0x00007ff857d29000 	C:\Users\AMIN\.vscode\extensions\redhat.java-1.32.0-win32-x64\jre\17.0.11-win32-x86_64\bin\net.dll
0x00007ff874720000 - 0x00007ff87482a000 	C:\WINDOWS\SYSTEM32\WINHTTP.dll
0x00007ff87f770000 - 0x00007ff87f7da000 	C:\WINDOWS\system32\mswsock.dll
0x00007ff8532b0000 - 0x00007ff8532c6000 	C:\Users\AMIN\.vscode\extensions\redhat.java-1.32.0-win32-x64\jre\17.0.11-win32-x86_64\bin\nio.dll
0x00007ff876f60000 - 0x00007ff876f70000 	c:\Users\AMIN\.vscode\extensions\redhat.java-1.32.0-win32-x64\jre\17.0.11-win32-x86_64\bin\verify.dll

dbghelp: loaded successfully - version: 4.0.5 - missing functions: none
symbol engine: initialized successfully - sym options: 0x614 - pdb path: .;c:\Users\AMIN\.vscode\extensions\redhat.java-1.32.0-win32-x64\jre\17.0.11-win32-x86_64\bin;C:\WINDOWS\SYSTEM32;C:\WINDOWS\WinSxS\amd64_microsoft.windows.common-controls_6595b64144ccf1df_6.0.19041.4355_none_60b8b9eb71f62e16;c:\Users\AMIN\.vscode\extensions\redhat.java-1.32.0-win32-x64\jre\17.0.11-win32-x86_64\bin\server

VM Arguments:
jvm_args: --add-modules=ALL-SYSTEM --add-opens=java.base/java.util=ALL-UNNAMED --add-opens=java.base/java.lang=ALL-UNNAMED --add-opens=java.base/sun.nio.fs=ALL-UNNAMED -Declipse.application=org.eclipse.jdt.ls.core.id1 -Dosgi.bundles.defaultStartLevel=4 -Declipse.product=org.eclipse.jdt.ls.core.product -Djava.import.generatesMetadataFilesAtProjectRoot=false -DDetectVMInstallationsJob.disabled=true -Dfile.encoding=utf8 -XX:+UseParallelGC -XX:GCTimeRatio=4 -XX:AdaptiveSizePolicyWeight=90 -Dsun.zip.disableMemoryMapping=true -Xmx1G -Xms100m -Xlog:disable -javaagent:c:\Users\AMIN\.vscode\extensions\redhat.java-1.32.0-win32-x64\lombok\lombok-1.18.33.jar 
java_command: c:\Users\AMIN\.vscode\extensions\redhat.java-1.32.0-win32-x64\server\plugins\org.eclipse.equinox.launcher_1.6.900.v20240613-2009.jar -configuration c:\Users\AMIN\AppData\Roaming\Code\User\globalStorage\redhat.java\1.32.0\config_ss_win -data c:\Users\AMIN\AppData\Roaming\Code\User\workspaceStorage\d7148e108e04c85ffe1d89402e4bcac7\redhat.java\ss_ws --pipe=\\.\pipe\lsp-70ce7f09e06c7e8be8c13cd64b9411fb-sock
java_class_path (initial): c:\Users\AMIN\.vscode\extensions\redhat.java-1.32.0-win32-x64\server\plugins\org.eclipse.equinox.launcher_1.6.900.v20240613-2009.jar
Launcher Type: SUN_STANDARD

[Global flags]
    uintx AdaptiveSizePolicyWeight                 = 90                                        {product} {command line}
     intx CICompilerCount                          = 4                                         {product} {ergonomic}
    uintx GCTimeRatio                              = 4                                         {product} {command line}
   size_t InitialHeapSize                          = 104857600                                 {product} {command line}
   size_t MaxHeapSize                              = 1073741824                                {product} {command line}
   size_t MaxNewSize                               = 357564416                                 {product} {ergonomic}
   size_t MinHeapDeltaBytes                        = 524288                                    {product} {ergonomic}
   size_t MinHeapSize                              = 104857600                                 {product} {command line}
   size_t NewSize                                  = 34603008                                  {product} {ergonomic}
    uintx NonNMethodCodeHeapSize                   = 5839372                                {pd product} {ergonomic}
    uintx NonProfiledCodeHeapSize                  = 122909434                              {pd product} {ergonomic}
   size_t OldSize                                  = 70254592                                  {product} {ergonomic}
    uintx ProfiledCodeHeapSize                     = 122909434                              {pd product} {ergonomic}
    uintx ReservedCodeCacheSize                    = 251658240                              {pd product} {ergonomic}
     bool SegmentedCodeCache                       = true                                      {product} {ergonomic}
   size_t SoftMaxHeapSize                          = 1073741824                             {manageable} {ergonomic}
     bool UseCompressedClassPointers               = true                           {product lp64_product} {ergonomic}
     bool UseCompressedOops                        = true                           {product lp64_product} {ergonomic}
     bool UseLargePagesIndividualAllocation        = false                                  {pd product} {ergonomic}
     bool UseParallelGC                            = true                                      {product} {command line}

Logging:
Log output configuration:
 #0: stdout all=off uptime,level,tags
 #1: stderr all=off uptime,level,tags

Environment Variables:
JAVA_HOME=C:\Program Files\Java\jdk-17.0.1
PATH=C:\Windows\System32;C:\Program Files\Git\bin;C:\Users\AMIN\AppData\Roaming\npm;C:\Program Files\nodejs\;C:\platform-tools;C:\Program Files (x86)\Windows Media Player;C:\Users\AMIN\anaconda3\Scripts;C:\portaudio_v18_1;D:\Program Files\platform-tools-latest-windows\platform-tools;C:\Windows\System32\wbem;C:\Program Files\PuTTY\;C:\Windows\System32\OpenSSH;C:\Users\AMIN\AppData\Local\Programs\Python\Python39\Scripts\;C:\Users\AMIN\AppData\Local\Programs\Python\Python39\;C:\Users\AMIN\.pyenv\pyenv-win\bin;C:\Users\AMIN\.pyenv\pyenv-win\shims;D:\Kambria\ChatbotRasavoice2\RasaSubscriberCount\myenv\Scripts;C:\Program Files\MySQL\MySQL Shell 8.0\bin\;C:\Users\AMIN\AppData\Local\Programs\Python\Python310\Scripts\;C:\Users\AMIN\AppData\Local\Programs\Python\Python310\;C:\Users\AMIN\AppData\Local\Microsoft\WindowsApps;C:\Users\AMIN\AppData\Local\Programs\Microsoft VS Code\bin;C:\Users\AMIN\AppData\Roaming\nvm;C:\Users\AMIN\.dotnet\tools;C:\Program Files\JetBrains\IntelliJ IDEA Community Edition 2022.2.3\bin;C:\Users\AMIN\AppData\Local\Pub\Cache\bin;C:\flutter\bin\cache\dart-sdk\bin;C:\Program Files (x86)\DCMTK\bin
USERNAME=AMIN
OS=Windows_NT
PROCESSOR_IDENTIFIER=Intel64 Family 6 Model 158 Stepping 10, GenuineIntel
TMP=C:\Users\AMIN\AppData\Local\Temp
TEMP=C:\Users\AMIN\AppData\Local\Temp



Periodic native trim disabled


---------------  S Y S T E M  ---------------

OS:
 Windows 10 , 64 bit Build 19041 (10.0.19041.4597)
OS uptime: 1 days 23:42 hours
Hyper-V role detected

CPU: total 12 (initial active 12) (6 cores per cpu, 2 threads per core) family 6 model 158 stepping 10 microcode 0xb4, cx8, cmov, fxsr, ht, mmx, 3dnowpref, sse, sse2, sse3, ssse3, sse4.1, sse4.2, popcnt, lzcnt, tsc, tscinvbit, avx, avx2, aes, erms, clmul, bmi1, bmi2, rtm, adx, fma, vzeroupper, clflush, clflushopt, hv
Processor Information for all 12 processors :
  Max Mhz: 3192, Current Mhz: 3192, Mhz Limit: 3192

Memory: 4k page, system-wide physical 16255M (2189M free)
TotalPageFile size 26411M (AvailPageFile size 2M)
current process WorkingSet (physical memory assigned to process): 75M, peak: 75M
current process commit charge ("private bytes"): 208M, peak: 208M

vm_info: OpenJDK 64-Bit Server VM (17.0.11+9) for windows-amd64 JRE (17.0.11+9), built on Apr 17 2024 06:07:48 by "admin" with MS VC++ 16.10 / 16.11 (VS2019)

END.
